<?xml version="1.0" encoding="UTF-8"?>
<!-- Generated by org.testng.reporters.JUnitReportReporter -->
<testsuite hostname="Sumits-MacBook-Air.local" failures="0" tests="4" name="com.wiki.tests.WikiPageTest" time="6.890" errors="0" timestamp="2021-01-25T01:54:04 PST" skipped="0">
  <testcase classname="com.wiki.tests.WikiPageTest" name="verifyAllTheHeadingNamesListedInContentBox" time="0.502"/>
  <system-out/>
  <testcase classname="com.wiki.tests.WikiPageTest" name="headingListedInContentBoxHaveFunctioningHyperlinks" time="0.430"/>
  <system-out/>
  <testcase classname="com.wiki.tests.WikiPageTest" name="verifyPersonifiedzconceptsNikeHasAPopup" time="5.255"/>
  <system-out/>
  <testcase classname="com.wiki.tests.WikiPageTest" name="verifyInThePersonifiedConceptsClickOnNikeDisplaysAFamilyTree" time="0.703"/>
  <system-out/>
</testsuite> <!-- com.wiki.tests.WikiPageTest -->
